raspberry,strawberry,tangerine,ugli fruit,vanilla,watermelon,xigua,yellow watermelon,zucchini
banana smoothie recipe
donut glaze sugar,cherry pie homemade,donut glaze sugar,fudge brownie bites,jelly filled donuts,donut glaze sugar,jelly filled donuts
./hw4/file05.in
./hw4/file07.in
cherry pie homemade,donut glaze sugar,donut glaze sugar,donut glaze sugar,fudge brownie bites,jelly filled donuts,jelly filled donuts
raspberry,strawberry,tangerine,ugli fruit,vanilla,watermelon,xigua,yellow watermelon,zucchini,banana smoothie recipe
./hw4/file03.in
./hw4/file05.in
./hw4/file07.in
banana smoothie recipe,raspberry,strawberry,tangerine,ugli fruit,vanilla,watermelon,xigua,yellow watermelon,zucchini
banana smoothie recipe,cherry pie homemade,donut glaze sugar,donut glaze sugar,donut glaze sugar,fudge brownie bites,jelly filled donuts,jelly filled donuts
banana smoothie recipe
banana smoothie recipe,raspberry,strawberry,tangerine,ugli fruit,vanilla,watermelon,xigua,yellow watermelon,zucchini
banana smoothie recipe,cherry pie homemade,donut glaze sugar,donut glaze sugar,donut glaze sugar,fudge brownie bites,jelly filled donuts,jelly filled donuts
cherry pie homemade,donut glaze sugar,donut glaze sugar,donut glaze sugar,fudge brownie bites,jelly filled donuts,jelly filled donuts
banana smoothie recipe,grape juice fresh,banana smoothie recipe,kiwi fruit salad,banana smoothie recipe,orange zest muffin
Hello,World,123!
carrot cake with frosting
raspberry lemonade drink,strawberry shortcake delight,tangerine marmalade spread,ugli fruit punch,vanilla bean ice cream,watermelon slices cold,xigua chilled bowl,yellow watermelon rare,zucchini bread recipe
apple,banana,cherry pie,donut,éclair,fudge,grapefruit,honeycomb,ice cream,jelly
